android/app/build/intermediates/manifest_merge_blame_file/debug/processDebugMainManifest/manifest-merger-blame-debug-report.txt
1<?xml version="1.0" encoding="utf-8"?>
2<manifest xmlns:android="http://schemas.android.com/apk/res/android"
3    package="com.example.storage"
4    android:versionCode="1"
5    android:versionName="1.0.0" >
6
7    <uses-sdk
8        android:minSdkVersion="21"
9        android:targetSdkVersion="34" />
10    <!--
11         The INTERNET permission is required for development. Specifically,
12         the Flutter tool needs it to communicate with the running application
13         to allow setting breakpoints, to provide hot reload, etc.
14    -->
15    <uses-permission android:name="android.permission.INTERNET" />
15-->src\main\AndroidManifest.xml:3:5-67
15-->src\main\AndroidManifest.xml:3:22-64
16    <uses-permission android:name="android.permission.RECEIVE_BOOT_COMPLETED" />
16-->src\main\AndroidManifest.xml:4:5-81
16-->src\main\AndroidManifest.xml:4:22-78
17    <uses-permission android:name="android.permission.WAKE_LOCK" /> <!-- ストレージアクセス権限 (API 29未満用) -->
17-->src\main\AndroidManifest.xml:5:5-68
17-->src\main\AndroidManifest.xml:5:22-65
18    <uses-permission android:name="android.permission.READ_EXTERNAL_STORAGE" />
18-->src\main\AndroidManifest.xml:8:5-80
18-->src\main\AndroidManifest.xml:8:22-77
19    <uses-permission android:name="android.permission.WRITE_EXTERNAL_STORAGE" /> <!-- フォアグラウンドサービス権限 (Android 9+用) -->
19-->src\main\AndroidManifest.xml:9:5-81
19-->src\main\AndroidManifest.xml:9:22-78
20    <uses-permission android:name="android.permission.FOREGROUND_SERVICE" /> <!-- 正確なアラーム権限 (API 31+用) -->
20-->src\main\AndroidManifest.xml:12:5-77
20-->src\main\AndroidManifest.xml:12:22-74
21    <uses-permission android:name="android.permission.SCHEDULE_EXACT_ALARM" /> <!-- バッテリー最適化無視の権限 -->
21-->src\main\AndroidManifest.xml:15:5-79
21-->src\main\AndroidManifest.xml:15:22-76
22    <uses-permission android:name="android.permission.REQUEST_IGNORE_BATTERY_OPTIMIZATIONS" />
22-->src\main\AndroidManifest.xml:18:5-95
22-->src\main\AndroidManifest.xml:18:22-92
23    <uses-permission android:name="android.permission.POST_NOTIFICATIONS" />
23-->[:flutter_foreground_task] AndroidManifest.xml:10:5-77
23-->[:flutter_foreground_task] AndroidManifest.xml:10:22-74
24
25    <permission
25-->[androidx.core:core:1.13.1] AndroidManifest.xml:22:5-24:47
26        android:name="com.example.storage.DYNAMIC_RECEIVER_NOT_EXPORTED_PERMISSION"
26-->[androidx.core:core:1.13.1] AndroidManifest.xml:23:9-81
27        android:protectionLevel="signature" />
27-->[androidx.core:core:1.13.1] AndroidManifest.xml:24:9-44
28
29    <uses-permission android:name="com.example.storage.DYNAMIC_RECEIVER_NOT_EXPORTED_PERMISSION" />
29-->[androidx.core:core:1.13.1] AndroidManifest.xml:26:5-97
29-->[androidx.core:core:1.13.1] AndroidManifest.xml:26:22-94
30
31    <application
31-->src\main\AndroidManifest.xml:20:5-66:19
32        android:appComponentFactory="androidx.core.app.CoreComponentFactory"
32-->[androidx.core:core:1.13.1] AndroidManifest.xml:28:18-86
33        android:debuggable="true"
34        android:extractNativeLibs="true"
35        android:icon="@mipmap/ic_launcher"
35-->src\main\AndroidManifest.xml:22:9-43
36        android:label="storage_monitor_new"
36-->src\main\AndroidManifest.xml:21:9-44
37        android:requestLegacyExternalStorage="true" >
37-->src\main\AndroidManifest.xml:23:9-52
38
39        <!-- メインアクティビティ -->
40        <activity
40-->src\main\AndroidManifest.xml:26:9-43:20
41            android:name="com.example.storage.MainActivity"
41-->src\main\AndroidManifest.xml:27:13-41
42            android:configChanges="orientation|keyboardHidden|keyboard|screenSize|smallestScreenSize|locale|layoutDirection|fontScale|screenLayout|density|uiMode"
42-->src\main\AndroidManifest.xml:31:13-163
43            android:exported="true"
43-->src\main\AndroidManifest.xml:28:13-36
44            android:hardwareAccelerated="true"
44-->src\main\AndroidManifest.xml:32:13-47
45            android:launchMode="singleTop"
45-->src\main\AndroidManifest.xml:29:13-43
46            android:theme="@style/LaunchTheme"
46-->src\main\AndroidManifest.xml:30:13-47
47            android:windowSoftInputMode="adjustResize" >
47-->src\main\AndroidManifest.xml:33:13-55
48            <meta-data
48-->src\main\AndroidManifest.xml:35:13-37:57
49                android:name="io.flutter.embedding.android.NormalTheme"
49-->src\main\AndroidManifest.xml:36:17-72
50                android:resource="@style/NormalTheme" />
50-->src\main\AndroidManifest.xml:37:17-54
51
52            <intent-filter>
52-->src\main\AndroidManifest.xml:39:13-42:29
53                <action android:name="android.intent.action.MAIN" />
53-->src\main\AndroidManifest.xml:40:17-68
53-->src\main\AndroidManifest.xml:40:25-66
54
55                <category android:name="android.intent.category.LAUNCHER" />
55-->src\main\AndroidManifest.xml:41:17-76
55-->src\main\AndroidManifest.xml:41:27-74
56            </intent-filter>
57        </activity>
58
59        <!-- WorkManager BroadcastReceiver -->
60        <receiver
60-->src\main\AndroidManifest.xml:46:9-53:20
61            android:name="com.dexterous.flutterlocalnotifications.ScheduledNotificationBootReceiver"
61-->src\main\AndroidManifest.xml:47:13-101
62            android:exported="false" >
62-->src\main\AndroidManifest.xml:48:13-37
63            <intent-filter>
63-->src\main\AndroidManifest.xml:49:13-52:29
64                <action android:name="android.intent.action.BOOT_COMPLETED" />
64-->src\main\AndroidManifest.xml:50:17-79
64-->src\main\AndroidManifest.xml:50:25-76
65                <action android:name="android.intent.action.MY_PACKAGE_REPLACED" />
65-->src\main\AndroidManifest.xml:51:17-84
65-->src\main\AndroidManifest.xml:51:25-81
66            </intent-filter>
67        </receiver>
68
69        <!-- flutter_foreground_task サービス -->
70        <service
70-->src\main\AndroidManifest.xml:56:9-59:44
71            android:name="com.pravera.flutter_foreground_task.service.ForegroundService"
71-->src\main\AndroidManifest.xml:57:13-89
72            android:exported="false"
72-->src\main\AndroidManifest.xml:58:13-37
73            android:stopWithTask="false" />
73-->src\main\AndroidManifest.xml:59:13-41
74
75        <!--
76             Don't delete the meta-data below.
77             This is used by the Flutter tool to generate GeneratedPluginRegistrant.java
78        -->
79        <meta-data
79-->src\main\AndroidManifest.xml:63:9-65:33
80            android:name="flutterEmbedding"
80-->src\main\AndroidManifest.xml:64:13-44
81            android:value="2" />
81-->src\main\AndroidManifest.xml:65:13-30
82
83        <receiver
83-->[:flutter_foreground_task] AndroidManifest.xml:13:9-23:20
84            android:name="com.pravera.flutter_foreground_task.service.RebootReceiver"
84-->[:flutter_foreground_task] AndroidManifest.xml:14:13-86
85            android:enabled="true"
85-->[:flutter_foreground_task] AndroidManifest.xml:15:13-35
86            android:exported="true" >
86-->[:flutter_foreground_task] AndroidManifest.xml:16:13-36
87            <intent-filter>
87-->[:flutter_foreground_task] AndroidManifest.xml:17:13-22:29
88                <action android:name="android.intent.action.BOOT_COMPLETED" />
88-->src\main\AndroidManifest.xml:50:17-79
88-->src\main\AndroidManifest.xml:50:25-76
89                <action android:name="android.intent.action.MY_PACKAGE_REPLACED" />
89-->src\main\AndroidManifest.xml:51:17-84
89-->src\main\AndroidManifest.xml:51:25-81
90                <!-- This is required on HTC devices to support their "quickboot" feature -->
91                <action android:name="android.intent.action.QUICKBOOT_POWERON" />
91-->[:flutter_foreground_task] AndroidManifest.xml:21:17-82
91-->[:flutter_foreground_task] AndroidManifest.xml:21:25-79
92            </intent-filter>
93        </receiver>
94        <receiver
94-->[:flutter_foreground_task] AndroidManifest.xml:24:9-27:40
95            android:name="com.pravera.flutter_foreground_task.service.RestartReceiver"
95-->[:flutter_foreground_task] AndroidManifest.xml:25:13-87
96            android:enabled="true"
96-->[:flutter_foreground_task] AndroidManifest.xml:26:13-35
97            android:exported="false" />
97-->[:flutter_foreground_task] AndroidManifest.xml:27:13-37
98
99        <uses-library
99-->[androidx.window:window:1.2.0] AndroidManifest.xml:23:9-25:40
100            android:name="androidx.window.extensions"
100-->[androidx.window:window:1.2.0] AndroidManifest.xml:24:13-54
101            android:required="false" />
101-->[androidx.window:window:1.2.0] AndroidManifest.xml:25:13-37
102        <uses-library
102-->[androidx.window:window:1.2.0] AndroidManifest.xml:26:9-28:40
103            android:name="androidx.window.sidecar"
103-->[androidx.window:window:1.2.0] AndroidManifest.xml:27:13-51
104            android:required="false" />
104-->[androidx.window:window:1.2.0] AndroidManifest.xml:28:13-37
105
106        <provider
106-->[androidx.lifecycle:lifecycle-process:2.7.0] AndroidManifest.xml:24:9-32:20
107            android:name="androidx.startup.InitializationProvider"
107-->[androidx.lifecycle:lifecycle-process:2.7.0] AndroidManifest.xml:25:13-67
108            android:authorities="com.example.storage.androidx-startup"
108-->[androidx.lifecycle:lifecycle-process:2.7.0] AndroidManifest.xml:26:13-68
109            android:exported="false" >
109-->[androidx.lifecycle:lifecycle-process:2.7.0] AndroidManifest.xml:27:13-37
110            <meta-data
110-->[androidx.lifecycle:lifecycle-process:2.7.0] AndroidManifest.xml:29:13-31:52
111                android:name="androidx.lifecycle.ProcessLifecycleInitializer"
111-->[androidx.lifecycle:lifecycle-process:2.7.0] AndroidManifest.xml:30:17-78
112                android:value="androidx.startup" />
112-->[androidx.lifecycle:lifecycle-process:2.7.0] AndroidManifest.xml:31:17-49
113            <meta-data
113-->[androidx.profileinstaller:profileinstaller:1.3.1] AndroidManifest.xml:29:13-31:52
114                android:name="androidx.profileinstaller.ProfileInstallerInitializer"
114-->[androidx.profileinstaller:profileinstaller:1.3.1] AndroidManifest.xml:30:17-85
115                android:value="androidx.startup" />
115-->[androidx.profileinstaller:profileinstaller:1.3.1] AndroidManifest.xml:31:17-49
116        </provider>
117
118        <receiver
118-->[androidx.profileinstaller:profileinstaller:1.3.1] AndroidManifest.xml:34:9-52:20
119            android:name="androidx.profileinstaller.ProfileInstallReceiver"
119-->[androidx.profileinstaller:profileinstaller:1.3.1] AndroidManifest.xml:35:13-76
120            android:directBootAware="false"
120-->[androidx.profileinstaller:profileinstaller:1.3.1] AndroidManifest.xml:36:13-44
121            android:enabled="true"
121-->[androidx.profileinstaller:profileinstaller:1.3.1] AndroidManifest.xml:37:13-35
122            android:exported="true"
122-->[androidx.profileinstaller:profileinstaller:1.3.1] AndroidManifest.xml:38:13-36
123            android:permission="android.permission.DUMP" >
123-->[androidx.profileinstaller:profileinstaller:1.3.1] AndroidManifest.xml:39:13-57
124            <intent-filter>
124-->[androidx.profileinstaller:profileinstaller:1.3.1] AndroidManifest.xml:40:13-42:29
125                <action android:name="androidx.profileinstaller.action.INSTALL_PROFILE" />
125-->[androidx.profileinstaller:profileinstaller:1.3.1] AndroidManifest.xml:41:17-91
125-->[androidx.profileinstaller:profileinstaller:1.3.1] AndroidManifest.xml:41:25-88
126            </intent-filter>
127            <intent-filter>
127-->[androidx.profileinstaller:profileinstaller:1.3.1] AndroidManifest.xml:43:13-45:29
128                <action android:name="androidx.profileinstaller.action.SKIP_FILE" />
128-->[androidx.profileinstaller:profileinstaller:1.3.1] AndroidManifest.xml:44:17-85
128-->[androidx.profileinstaller:profileinstaller:1.3.1] AndroidManifest.xml:44:25-82
129            </intent-filter>
130            <intent-filter>
130-->[androidx.profileinstaller:profileinstaller:1.3.1] AndroidManifest.xml:46:13-48:29
131                <action android:name="androidx.profileinstaller.action.SAVE_PROFILE" />
131-->[androidx.profileinstaller:profileinstaller:1.3.1] AndroidManifest.xml:47:17-88
131-->[androidx.profileinstaller:profileinstaller:1.3.1] AndroidManifest.xml:47:25-85
132            </intent-filter>
133            <intent-filter>
133-->[androidx.profileinstaller:profileinstaller:1.3.1] AndroidManifest.xml:49:13-51:29
134                <action android:name="androidx.profileinstaller.action.BENCHMARK_OPERATION" />
134-->[androidx.profileinstaller:profileinstaller:1.3.1] AndroidManifest.xml:50:17-95
134-->[androidx.profileinstaller:profileinstaller:1.3.1] AndroidManifest.xml:50:25-92
135            </intent-filter>
136        </receiver>
137    </application>
138
139</manifest>